<?xml version="1.0" encoding="UTF-8"?>
<!-- Generated by org.testng.reporters.JUnitReportReporter -->
<testsuite hostname="DESKTOP-2011PF2" failures="0" tests="1" name="com.savaprix.ecom.myaccountstest.Demo" time="1.269" errors="0" timestamp="2025-03-12T17:28:45 IST" skipped="0">
  <testcase classname="com.savaprix.ecom.myaccountstest.Demo" name="sampleTest" time="1.269"/>
</testsuite> <!-- com.savaprix.ecom.myaccountstest.Demo -->
