<?xml version="1.0" encoding="UTF-8"?>
<!-- Generated by org.testng.reporters.JUnitReportReporter -->
<testsuite hostname="DESKTOP-2011PF2" failures="0" tests="1" name="Demo" time="0.865" errors="0" timestamp="2025-03-18T08:09:40 IST" skipped="0">
  <testcase classname="Demo" name="demo" time="0.865"/>
</testsuite> <!-- Demo -->
