<?xml version="1.0" encoding="UTF-8"?>
<!-- Generated by org.testng.reporters.JUnitReportReporter -->
<testsuite hostname="DESKTOP-2011PF2" failures="0" tests="10" name="com.savaprix.ecom.homepage.HomePageTest" time="28.329" errors="0" timestamp="2025-03-18T08:52:01 IST" skipped="0">
  <testcase classname="com.savaprix.ecom.homepage.HomePageTest" name="placeOrder" time="2.891"/>
  <testcase classname="com.savaprix.ecom.homepage.HomePageTest" name="loginWithInvalidCred" time="0.733"/>
  <testcase classname="com.savaprix.ecom.homepage.HomePageTest" name="addProductToCartAndUpdateAddress" time="4.853"/>
  <testcase classname="com.savaprix.ecom.homepage.HomePageTest" name="addProductToWishList" time="2.318"/>
  <testcase classname="com.savaprix.ecom.homepage.HomePageTest" name="addProductToCart" time="2.206"/>
  <testcase classname="com.savaprix.ecom.homepage.HomePageTest" name="removeProductsFromPaymentPendingPage" time="3.300"/>
  <testcase classname="com.savaprix.ecom.homepage.HomePageTest" name="registerAsUserTest" time="2.678"/>
  <testcase classname="com.savaprix.ecom.homepage.HomePageTest" name="addProductFromWishlistToCart" time="3.186"/>
  <testcase classname="com.savaprix.ecom.homepage.HomePageTest" name="changeAccountDetails" time="2.327"/>
  <testcase classname="com.savaprix.ecom.homepage.HomePageTest" name="completePendingOrder" time="3.837"/>
</testsuite> <!-- com.savaprix.ecom.homepage.HomePageTest -->
