<?xml version="1.0" encoding="UTF-8"?>
<!-- Generated by org.testng.reporters.JUnitReportReporter -->
<testsuite hostname="DESKTOP-2011PF2" failures="0" tests="10" name="com.savaprix.ecom.homepage.HomePageTest" time="55.643" errors="0" timestamp="2025-03-18T10:41:38 IST" skipped="0">
  <testcase classname="com.savaprix.ecom.homepage.HomePageTest" name="changeAccountDetails" time="4.827"/>
  <testcase classname="com.savaprix.ecom.homepage.HomePageTest" name="removeProductsFromPaymentPendingPage" time="5.919"/>
  <testcase classname="com.savaprix.ecom.homepage.HomePageTest" name="addProductFromWishlistToCart" time="5.334"/>
  <testcase classname="com.savaprix.ecom.homepage.HomePageTest" name="placeOrder" time="6.500"/>
  <testcase classname="com.savaprix.ecom.homepage.HomePageTest" name="registerAsUserTest" time="4.558"/>
  <testcase classname="com.savaprix.ecom.homepage.HomePageTest" name="completePendingOrder" time="7.370"/>
  <testcase classname="com.savaprix.ecom.homepage.HomePageTest" name="addProductToCartAndUpdateAddress" time="8.595"/>
  <testcase classname="com.savaprix.ecom.homepage.HomePageTest" name="addProductToCart" time="4.782"/>
  <testcase classname="com.savaprix.ecom.homepage.HomePageTest" name="loginWithInvalidCred" time="1.942"/>
  <testcase classname="com.savaprix.ecom.homepage.HomePageTest" name="addProductToWishList" time="5.816"/>
</testsuite> <!-- com.savaprix.ecom.homepage.HomePageTest -->
